<?xml version="1.0" encoding="UTF-8"?>
<!-- Generated by org.testng.reporters.JUnitXMLReporter -->
<testsuite hostname="LAPTOP-L45CF4AI" ignored="0" name="Test" tests="6" failures="0" timestamp="03 May 2018 09:41:04 GMT" time="6.724" errors="0">
  <testcase name="@BeforeTest beforeTest" time="6.635" classname="Zmartasweden.Zmartasweden.Zmarta_se">
    <failure type="org.openqa.selenium.SessionNotCreatedException" message="session not created exception
from chrome not reachable
  (Session info: chrome=66.0.3359.139)
  (Driver info: chromedriver=2.37.544315 (730aa6a5fdba159ac9f4c1e8cbc59bf1b5ce12b7),platform=Windows NT 10.0.16299 x86_64) (WARNING: The server did not provide any stacktrace information)
Command duration or timeout: 4.65 seconds
Build info: version: &amp;apos;2.53.0&amp;apos;, revision: &amp;apos;35ae25b&amp;apos;, time: &amp;apos;2016-03-15 16:57:40&amp;apos;
System info: host: &amp;apos;LAPTOP-L45CF4AI&amp;apos;, ip: &amp;apos;172.16.16.91&amp;apos;, os.name: &amp;apos;Windows 10&amp;apos;, os.arch: &amp;apos;amd64&amp;apos;, os.version: &amp;apos;10.0&amp;apos;, java.version: &amp;apos;1.8.0_151&amp;apos;
Driver info: org.openqa.selenium.chrome.ChromeDriver">
      <![CDATA[org.openqa.selenium.SessionNotCreatedException: session not created exceptionfrom chrome not reachable  (Session info: chrome=66.0.3359.139)  (Driver info: chromedriver=2.37.544315 (730aa6a5fdba159ac9f4c1e8cbc59bf1b5ce12b7),platform=Windows NT 10.0.16299 x86_64) (WARNING: The server did not provide any stacktrace information)Command duration or timeout: 4.65 secondsBuild info: version: '2.53.0', revision: '35ae25b', time: '2016-03-15 16:57:40'System info: host: 'LAPTOP-L45CF4AI', ip: '172.16.16.91', os.name: 'Windows 10', os.arch: 'amd64', os.version: '10.0', java.version: '1.8.0_151'Driver info: org.openqa.selenium.chrome.ChromeDriverat org.openqa.selenium.remote.ErrorHandler.createThrowable(ErrorHandler.java:206)at org.openqa.selenium.remote.ErrorHandler.throwIfResponseFailed(ErrorHandler.java:158)at org.openqa.selenium.remote.RemoteWebDriver.execute(RemoteWebDriver.java:678)at org.openqa.selenium.remote.RemoteWebDriver.startSession(RemoteWebDriver.java:249)at org.openqa.selenium.remote.RemoteWebDriver.<init>(RemoteWebDriver.java:131)at org.openqa.selenium.remote.RemoteWebDriver.<init>(RemoteWebDriver.java:144)at org.openqa.selenium.chrome.ChromeDriver.<init>(ChromeDriver.java:170)at org.openqa.selenium.chrome.ChromeDriver.<init>(ChromeDriver.java:159)at org.openqa.selenium.chrome.ChromeDriver.<init>(ChromeDriver.java:116)at Zmartasweden.Zmartasweden.Zmarta_se.beforeTest(Zmarta_se.java:58)... Removed 28 stack frames]]>
    </failure>
  </testcase> <!-- @BeforeTest beforeTest -->
  <testcase name="@AfterTest afterTest" time="0.0" classname="Zmartasweden.Zmartasweden.Zmarta_se">
    <skipped/>
  </testcase> <!-- @AfterTest afterTest -->
  <testcase name="VerifyPageTitle" time="0.0" classname="Zmartasweden.Zmartasweden.Zmarta_se">
    <skipped/>
  </testcase> <!-- VerifyPageTitle -->
  <testcase name="VerifyLoan" time="0.0" classname="Zmartasweden.Zmartasweden.Zmarta_se">
    <skipped/>
  </testcase> <!-- VerifyLoan -->
  <testcase name="VerifyPersonalInfo" time="0.0" classname="Zmartasweden.Zmartasweden.Zmarta_se">
    <skipped/>
  </testcase> <!-- VerifyPersonalInfo -->
  <testcase name="VerifyMaritalstatus" time="0.0" classname="Zmartasweden.Zmartasweden.Zmarta_se">
    <skipped/>
  </testcase> <!-- VerifyMaritalstatus -->
  <testcase name="VerifyEmploymentInfo" time="0.0" classname="Zmartasweden.Zmartasweden.Zmarta_se">
    <skipped/>
  </testcase> <!-- VerifyEmploymentInfo -->
  <testcase name="VerifyFinalLoan" time="0.0" classname="Zmartasweden.Zmartasweden.Zmarta_se">
    <skipped/>
  </testcase> <!-- VerifyFinalLoan -->
</testsuite> <!-- Test -->
